2025-06-06 14:30:43,661 - collect_data_refactored - INFO - ============================================================
2025-06-06 14:30:43,662 - collect_data_refactored - INFO - Starting data collection for task 1
2025-06-06 14:30:43,662 - collect_data_refactored - INFO - Timestamp: 2025-06-06 14:30:43.662961
2025-06-06 14:30:43,663 - collect_data_refactored - INFO - Mode: Mock
2025-06-06 14:30:43,664 - collect_data_refactored - INFO - ============================================================
2025-06-06 14:30:43,667 - collect_data_refactored - INFO - Creating mock data collector for testing
2025-06-06 14:30:43,669 - collectors.data_collector - INFO - Starting data collection for task 1
2025-06-06 14:30:43,671 - collectors.data_collector - INFO - Task info: Chlorophyll Analysis - Wavelengths: 400-700 nm (step: 5)
2025-06-06 14:30:43,671 - collectors.data_collector - INFO - Using database file: C:\Users\Magshimim\Documents\ôøåé÷èéí ì÷åøåú çééí\Integration_project\server_copy\collectDB\data\task_1_chlorophyll_analysis.db
2025-06-06 14:30:43,673 - collectors.data_collector - INFO - Collecting data for time point 1
2025-06-06 14:30:43,673 - spectrophotometers.mock_spectrophotometer - INFO - Mock spectrophotometer: Connected
2025-06-06 14:30:43,673 - collectors.data_collector - INFO - Scanning wavelengths from 400 to 700 with machine step 2.0
2025-06-06 14:30:43,877 - spectrophotometers.mock_spectrophotometer - INFO - Mock scan generated 151 data points from 400nm to 700nm
2025-06-06 14:30:43,878 - collectors.data_collector - INFO - Collected data point: wavelength=400, time_point=1, absorbance=0.4257
2025-06-06 14:30:43,879 - collectors.data_collector - INFO - Collected data point: wavelength=410, time_point=1, absorbance=0.8930
2025-06-06 14:30:43,879 - collectors.data_collector - INFO - Collected data point: wavelength=420, time_point=1, absorbance=1.1546
2025-06-06 14:30:43,884 - collectors.data_collector - INFO - Collected data point: wavelength=430, time_point=1, absorbance=1.1645
2025-06-06 14:30:43,885 - collectors.data_collector - INFO - Collected data point: wavelength=440, time_point=1, absorbance=0.8939
2025-06-06 14:30:43,886 - collectors.data_collector - INFO - Collected 31 data points, storing in database...
2025-06-06 14:30:43,889 - database.absorbance_db - INFO - Verified 31 data points stored in database for time point 1
2025-06-06 14:30:43,895 - database.absorbance_db - INFO - Successfully stored 31 data points
2025-06-06 14:30:43,902 - collectors.data_collector - INFO - Sample of stored data:
2025-06-06 14:30:43,903 - collectors.data_collector - INFO -   Wavelength: 400, Time: 1, Absorbance: 0.4257, Timestamp: 2025-06-06 11:30:43
2025-06-06 14:30:43,903 - collectors.data_collector - INFO -   Wavelength: 410, Time: 1, Absorbance: 0.8930, Timestamp: 2025-06-06 11:30:43
2025-06-06 14:30:43,904 - collectors.data_collector - INFO -   Wavelength: 420, Time: 1, Absorbance: 1.1546, Timestamp: 2025-06-06 11:30:43
2025-06-06 14:30:43,905 - collectors.data_collector - INFO -   Wavelength: 430, Time: 1, Absorbance: 1.1645, Timestamp: 2025-06-06 11:30:43
2025-06-06 14:30:43,905 - collectors.data_collector - INFO -   Wavelength: 440, Time: 1, Absorbance: 0.8939, Timestamp: 2025-06-06 11:30:43
2025-06-06 14:30:43,905 - collectors.data_collector - INFO - Successfully collected and stored 31 data points for task 1 at time point 1
2025-06-06 14:30:43,907 - spectrophotometers.mock_spectrophotometer - INFO - Mock spectrophotometer: Connection closed
2025-06-06 14:30:43,907 - collect_data_refactored - INFO - Data collection completed successfully
2025-06-06 14:44:40,359 - collect_data_refactored - INFO - ============================================================
2025-06-06 14:44:40,359 - collect_data_refactored - INFO - Starting data collection for task 1
2025-06-06 14:44:40,359 - collect_data_refactored - INFO - Timestamp: 2025-06-06 14:44:40.359077
2025-06-06 14:44:40,359 - collect_data_refactored - INFO - Mode: Real
2025-06-06 14:44:40,359 - collect_data_refactored - INFO - Serial settings: COM11, 19200 baud, 1.0s timeout
2025-06-06 14:44:40,359 - collect_data_refactored - INFO - ============================================================
2025-06-06 14:44:40,359 - collect_data_refactored - INFO - Creating real data collector with port COM11
2025-06-06 14:44:40,359 - collectors.data_collector - INFO - Starting data collection for task 1
2025-06-06 14:44:40,364 - collectors.data_collector - INFO - Task info: Chlorophyll Analysis - Wavelengths: 400-700 nm (step: 5)
2025-06-06 14:44:40,364 - collectors.data_collector - INFO - Using database file: C:\Users\Magshimim\Documents\ôøåé÷èéí ì÷åøåú çééí\Integration_project\server_copy\collectDB\data\task_1_chlorophyll_analysis.db
2025-06-06 14:44:40,365 - collectors.data_collector - INFO - Collecting data for time point 4
2025-06-06 14:44:40,373 - spectrophotometers.real_spectrophotometer - INFO - Available COM ports:
2025-06-06 14:44:40,373 - spectrophotometers.real_spectrophotometer - INFO -   COM3 - Standard Serial over Bluetooth linkþ (COM3)
2025-06-06 14:44:40,373 - spectrophotometers.real_spectrophotometer - INFO -   COM6 - Standard Serial over Bluetooth linkþ (COM6)
2025-06-06 14:44:40,373 - spectrophotometers.real_spectrophotometer - INFO -   COM7 - Standard Serial over Bluetooth linkþ (COM7)
2025-06-06 14:44:40,373 - spectrophotometers.real_spectrophotometer - INFO -   COM10 - Standard Serial over Bluetooth linkþ (COM10)
2025-06-06 14:44:40,373 - spectrophotometers.real_spectrophotometer - INFO -   COM5 - Standard Serial over Bluetooth linkþ (COM5)
2025-06-06 14:44:40,373 - spectrophotometers.real_spectrophotometer - INFO -   COM13 - Standard Serial over Bluetooth linkþ (COM13)
2025-06-06 14:44:40,373 - spectrophotometers.real_spectrophotometer - INFO -   COM4 - Standard Serial over Bluetooth linkþ (COM4)
2025-06-06 14:44:40,373 - spectrophotometers.real_spectrophotometer - INFO -   COM9 - Standard Serial over Bluetooth linkþ (COM9)
2025-06-06 14:44:40,373 - spectrophotometers.real_spectrophotometer - ERROR - Specified port COM11 not found. Available ports: ['COM3', 'COM6', 'COM7', 'COM10', 'COM5', 'COM13', 'COM4', 'COM9']
2025-06-06 14:44:40,373 - collectors.data_collector - ERROR - Failed to initialize spectrophotometer
2025-06-06 14:44:40,373 - collect_data_refactored - ERROR - Data collection failed
